<?xml version="1.0" encoding="UTF-8"?>
<!-- Generated by org.testng.reporters.JUnitReportReporter -->
<testsuite skipped="0" hostname="PC-21930" name="com.crm.qa.testcases.LoginPageTest" tests="4" failures="0" timestamp="2020-12-04T12:35:22 WEST" time="49.551" errors="0">
  <testcase name="loginPageTitleTest" time="10.120" classname="com.crm.qa.testcases.LoginPageTest"/>
  <system-out/>
  <testcase name="crmLogoImageTest" time="10.374" classname="com.crm.qa.testcases.LoginPageTest"/>
  <system-out/>
  <testcase name="loginInTest" time="14.531" classname="com.crm.qa.testcases.LoginPageTest"/>
  <system-out/>
  <testcase name="loginTest" time="14.526" classname="com.crm.qa.testcases.LoginPageTest"/>
  <system-out/>
</testsuite> <!-- com.crm.qa.testcases.LoginPageTest -->
