<?xml version="1.0" encoding="UTF-8"?>
<!-- Generated by org.testng.reporters.JUnitReportReporter -->
<testsuite skipped="0" hostname="PC-21930" name="com.crm.qa.testcases.ContactPageTest" tests="1" failures="0" timestamp="2020-12-04T12:35:22 WEST" time="16.156" errors="0">
  <testcase name="createNewContactsTest" time="16.156" classname="com.crm.qa.testcases.ContactPageTest"/>
  <system-out/>
</testsuite> <!-- com.crm.qa.testcases.ContactPageTest -->
