<?xml version="1.0" encoding="UTF-8"?>
<!-- Generated by org.testng.reporters.JUnitReportReporter -->
<testsuite skipped="0" hostname="PC-21930" name="com.crm.qa.testcases.ContactPageTest" tests="1" failures="0" timestamp="2020-12-08T17:56:30 WEST" time="15.646" errors="0">
  <testcase name="createNewContactsTest" time="15.646" classname="com.crm.qa.testcases.ContactPageTest"/>
  <system-out/>
</testsuite> <!-- com.crm.qa.testcases.ContactPageTest -->
