<?xml version="1.0" encoding="UTF-8"?>
<!-- Generated by org.testng.reporters.JUnitReportReporter -->
<testsuite skipped="0" hostname="PC-21930" name="com.crm.qa.testcases.LoginPageTest" tests="4" failures="0" timestamp="2020-12-09T10:14:31 WEST" time="42.896" errors="0">
  <testcase name="loginPageTitleTest" time="12.253" classname="com.crm.qa.testcases.LoginPageTest"/>
  <system-out/>
  <testcase name="crmLogoImageTest" time="9.425" classname="com.crm.qa.testcases.LoginPageTest"/>
  <system-out/>
  <testcase name="loginInTest" time="9.038" classname="com.crm.qa.testcases.LoginPageTest"/>
  <system-out/>
  <testcase name="loginTest" time="12.180" classname="com.crm.qa.testcases.LoginPageTest"/>
  <system-out/>
</testsuite> <!-- com.crm.qa.testcases.LoginPageTest -->
