<?xml version="1.0" encoding="UTF-8"?>
<!-- Generated by org.testng.reporters.JUnitReportReporter -->
<testsuite skipped="0" hostname="PC-21930" name="com.crm.qa.testcases.HomePageTest" tests="3" failures="0" timestamp="2020-12-04T12:35:22 WEST" time="41.650" errors="0">
  <testcase name="homePageTitleTest" time="12.075" classname="com.crm.qa.testcases.HomePageTest"/>
  <system-out/>
  <testcase name="verifUserNameTest" time="14.333" classname="com.crm.qa.testcases.HomePageTest"/>
  <system-out/>
  <testcase name="verifContactslinkTest" time="15.242" classname="com.crm.qa.testcases.HomePageTest"/>
  <system-out/>
</testsuite> <!-- com.crm.qa.testcases.HomePageTest -->
