<?xml version="1.0" encoding="UTF-8"?>
<!-- Generated by org.testng.reporters.JUnitReportReporter -->
<testsuite skipped="0" hostname="PC-21930" name="com.crm.qa.testcases.LoginPageTest" tests="4" failures="0" timestamp="2020-12-07T12:54:37 WEST" time="46.163" errors="0">
  <testcase name="loginPageTitleTest" time="9.089" classname="com.crm.qa.testcases.LoginPageTest"/>
  <system-out/>
  <testcase name="crmLogoImageTest" time="10.547" classname="com.crm.qa.testcases.LoginPageTest"/>
  <system-out/>
  <testcase name="loginInTest" time="10.012" classname="com.crm.qa.testcases.LoginPageTest"/>
  <system-out/>
  <testcase name="loginTest" time="16.515" classname="com.crm.qa.testcases.LoginPageTest"/>
  <system-out/>
</testsuite> <!-- com.crm.qa.testcases.LoginPageTest -->
