<?xml version="1.0" encoding="UTF-8"?>
<!-- Generated by org.testng.reporters.JUnitReportReporter -->
<testsuite skipped="0" hostname="PC-21930" name="com.crm.qa.testcases.HomePageTest" tests="3" failures="0" timestamp="2020-12-07T12:54:37 WEST" time="58.534" errors="0">
  <testcase name="homePageTitleTest" time="16.449" classname="com.crm.qa.testcases.HomePageTest"/>
  <system-out/>
  <testcase name="verifUserNameTest" time="18.096" classname="com.crm.qa.testcases.HomePageTest"/>
  <system-out/>
  <testcase name="verifContactslinkTest" time="23.989" classname="com.crm.qa.testcases.HomePageTest"/>
  <system-out/>
</testsuite> <!-- com.crm.qa.testcases.HomePageTest -->
